SF:lib/core/data/datasources/pokedex_datasource/pokedex_datasource_impl.dart
DA:13,1
DA:15,1
DA:17,2
DA:18,1
DA:19,1
DA:22,1
DA:24,3
DA:25,1
DA:26,1
DA:27,1
LF:10
LH:10
end_of_record
SF:lib/core/data/models/poke_model/poke_model.dart
DA:4,5
DA:19,4
DA:20,4
DA:21,16
DA:22,4
DA:23,4
DA:24,16
DA:25,4
DA:27,16
DA:28,4
DA:29,4
DA:30,4
DA:34,8
DA:35,8
DA:36,16
DA:37,16
DA:38,16
DA:39,16
DA:40,16
DA:41,16
LF:20
LH:20
end_of_record
SF:lib/core/data/models/poke_urls_model/poke_urls_model.dart
DA:4,4
DA:6,3
DA:7,3
DA:8,9
DA:9,3
DA:11,3
LF:6
LH:6
end_of_record
SF:lib/commons/errors/base_error.dart
DA:4,4
DA:6,0
DA:8,0
LF:3
LH:1
end_of_record
SF:lib/commons/result_wrapper/result_wrapper.dart
DA:7,4
DA:9,4
DA:10,4
DA:13,4
DA:14,4
DA:17,6
DA:19,4
DA:21,4
DA:23,8
DA:27,4
DA:28,4
DA:33,4
DA:34,4
LF:13
LH:13
end_of_record
SF:lib/commons/states/bloc_states.dart
DA:6,0
DA:7,0
DA:9,0
DA:14,18
DA:16,0
DA:17,0
DA:19,0
DA:26,1
DA:28,0
DA:29,0
DA:31,0
DA:39,1
DA:41,0
DA:42,0
DA:44,0
LF:15
LH:3
end_of_record
SF:lib/core/domain/entities/poke_entity.dart
DA:18,6
DA:34,2
DA:35,2
DA:36,2
DA:37,2
DA:38,2
DA:39,2
DA:40,2
DA:41,2
DA:42,2
DA:43,2
DA:44,2
DA:45,2
DA:46,2
DA:47,2
LF:15
LH:15
end_of_record
SF:lib/presentation/pages/home_page/blocs/get_pokemon_bloc.dart
DA:9,3
DA:11,1
DA:12,1
DA:13,2
DA:15,1
DA:16,3
DA:19,4
LF:7
LH:7
end_of_record
SF:lib/core/domain/entities/poke_urls_entity.dart
DA:6,5
DA:8,2
DA:9,4
LF:3
LH:3
end_of_record
SF:lib/core/data/repositories/pokedex_repository/pokedex_repository_impl.dart
DA:10,1
DA:12,1
DA:15,1
DA:16,2
DA:17,2
DA:18,2
DA:19,1
DA:21,1
DA:23,3
LF:9
LH:9
end_of_record
SF:lib/core/domain/use_cases/get_pokemon_use_case/get_pokemon_use_case_impl.dart
DA:9,1
DA:11,1
DA:12,2
LF:3
LH:3
end_of_record
SF:lib/commons/pokedex_ui/blocs/validator_bloc.dart
DA:4,4
DA:6,2
DA:7,2
LF:3
LH:3
end_of_record
SF:lib/commons/pokedex_ui/extensions/color_extensions.dart
DA:4,2
DA:5,2
DA:6,8
DA:8,4
LF:4
LH:4
end_of_record
SF:lib/commons/pokedex_ui/extensions/double_extensions.dart
DA:2,2
DA:3,4
LF:2
LH:2
end_of_record
SF:lib/commons/pokedex_ui/extensions/string_extensions.dart
DA:2,2
DA:3,10
LF:2
LH:2
end_of_record
SF:lib/commons/pokedex_ui/helpers/select_pokedex_type_by_string.dart
DA:3,2
DA:5,8
DA:6,2
LF:3
LH:3
end_of_record
SF:lib/commons/pokedex_ui/palettes/colors.dart
DA:6,0
DA:7,4
DA:8,2
DA:9,0
DA:12,2
DA:13,2
DA:14,2
DA:15,2
DA:16,4
DA:17,0
DA:18,0
DA:19,0
DA:20,0
DA:21,0
DA:22,2
DA:23,2
DA:24,0
DA:25,0
DA:26,0
DA:27,0
DA:28,0
DA:29,0
DA:31,3
DA:33,3
DA:34,1
DA:35,3
DA:36,0
DA:37,3
DA:38,1
DA:39,2
DA:40,0
DA:41,2
DA:42,1
DA:43,2
DA:44,0
DA:45,2
DA:46,1
DA:47,2
DA:48,2
DA:49,1
DA:50,1
DA:51,1
DA:52,1
DA:53,0
DA:54,0
DA:55,0
DA:56,0
DA:57,0
DA:58,0
DA:59,0
DA:60,0
DA:61,0
DA:62,0
DA:63,0
DA:64,0
DA:65,0
DA:66,0
DA:67,0
DA:68,0
LF:59
LH:27
end_of_record
SF:lib/commons/pokedex_ui/widgets/pokedex_animation_types.dart
DA:8,1
DA:9,1
DA:11,1
DA:12,1
DA:18,1
DA:21,1
DA:23,2
DA:24,3
DA:26,2
DA:28,1
LF:10
LH:10
end_of_record
SF:lib/commons/pokedex_ui/widgets/pokedex_tag.dart
DA:9,4
DA:11,2
DA:13,2
DA:15,2
DA:16,2
DA:17,4
DA:20,2
DA:21,2
DA:22,4
DA:23,2
LF:10
LH:10
end_of_record
SF:lib/commons/pokedex_ui/widgets/pokedex_icon.dart
DA:13,1
DA:19,1
DA:21,1
DA:23,1
DA:24,3
DA:25,2
DA:26,1
DA:27,1
LF:8
LH:8
end_of_record
SF:lib/commons/pokedex_ui/widgets/pokedex_icon_button.dart
DA:11,1
DA:13,1
DA:15,1
DA:17,1
DA:18,1
DA:19,1
DA:20,1
DA:21,1
DA:23,1
DA:24,1
DA:26,1
LF:11
LH:11
end_of_record
SF:lib/commons/pokedex_ui/widgets/pokedex_progress_bar.dart
DA:10,1
DA:11,1
DA:13,1
DA:14,1
DA:25,1
DA:27,1
DA:28,3
DA:30,2
DA:35,6
DA:36,2
DA:37,3
DA:38,2
DA:41,2
DA:44,1
DA:46,2
DA:47,1
DA:50,1
DA:52,1
DA:53,1
DA:54,1
DA:55,1
DA:57,1
DA:59,1
DA:60,2
DA:61,3
DA:62,2
LF:26
LH:26
end_of_record
SF:lib/commons/pokedex_ui/widgets/pokedex_text.dart
DA:9,3
DA:15,2
DA:17,3
DA:19,6
DA:20,3
DA:21,3
DA:22,3
DA:23,3
LF:8
LH:8
end_of_record
SF:lib/presentation/pages/details_page/components/card_body.dart
DA:14,1
DA:15,1
DA:17,1
DA:19,1
DA:22,1
DA:24,1
DA:26,1
DA:27,4
DA:29,1
DA:30,1
DA:31,1
DA:33,1
DA:35,1
DA:38,1
DA:39,1
DA:40,2
DA:42,1
DA:44,1
DA:46,1
DA:51,1
DA:52,2
DA:53,2
DA:54,2
DA:56,1
DA:59,1
DA:63,1
DA:65,1
DA:67,1
DA:72,1
DA:74,1
DA:75,1
DA:76,2
DA:77,2
DA:78,2
DA:79,2
DA:80,2
DA:81,2
LF:37
LH:37
end_of_record
SF:lib/presentation/pages/details_page/components/pokemon_info.dart
DA:15,1
DA:20,1
DA:22,1
DA:24,1
DA:27,1
DA:28,1
DA:29,3
DA:33,1
DA:34,3
DA:39,1
DA:41,1
DA:44,1
DA:45,3
DA:46,3
DA:50,1
DA:53,1
DA:64,9
DA:66,1
DA:68,1
DA:70,1
DA:71,2
DA:82,1
DA:84,1
DA:86,1
DA:88,1
DA:90,1
DA:92,1
DA:93,1
DA:95,1
DA:96,1
DA:97,1
DA:103,2
DA:109,1
DA:110,1
DA:112,1
LF:35
LH:35
end_of_record
SF:lib/presentation/pages/details_page/components/pokemon_statistics.dart
DA:17,1
DA:26,1
DA:28,1
DA:29,1
DA:33,1
DA:35,1
DA:38,1
DA:39,1
DA:40,1
DA:41,1
DA:42,2
DA:43,1
DA:44,2
DA:45,1
DA:46,2
DA:47,1
DA:48,2
DA:49,1
DA:50,2
DA:51,1
DA:52,2
DA:55,1
DA:57,1
DA:58,2
DA:61,1
DA:63,1
DA:64,1
DA:65,5
DA:66,5
DA:67,5
DA:68,5
DA:69,5
DA:70,5
DA:83,1
DA:84,1
DA:86,1
DA:88,1
DA:90,1
DA:91,1
DA:92,4
DA:93,1
DA:95,1
DA:96,4
DA:97,1
DA:98,1
DA:99,1
LF:46
LH:46
end_of_record
SF:lib/presentation/pages/details_page/components/header_title.dart
DA:12,2
DA:14,1
DA:16,1
DA:18,1
DA:20,1
DA:21,1
DA:22,1
DA:23,0
DA:24,0
DA:26,1
DA:29,1
DA:35,1
DA:36,2
DA:39,1
LF:14
LH:12
end_of_record
SF:lib/presentation/pages/details_page/components/pokemon_images.dart
DA:11,1
DA:13,1
DA:15,1
DA:17,1
DA:19,1
DA:20,3
DA:21,1
DA:23,1
DA:24,1
DA:25,1
DA:27,1
DA:28,1
DA:31,1
DA:32,2
DA:33,1
DA:37,2
DA:39,1
DA:41,1
DA:42,1
LF:19
LH:19
end_of_record
SF:lib/presentation/pages/details_page/details_page.dart
DA:19,1
DA:25,2
DA:27,1
DA:28,1
DA:38,1
DA:40,1
DA:41,4
DA:42,5
DA:45,1
DA:47,1
DA:48,1
DA:49,1
DA:50,1
DA:51,1
DA:52,1
DA:53,1
DA:54,1
DA:55,1
DA:56,1
DA:58,1
DA:60,1
DA:62,1
DA:63,2
DA:69,1
DA:70,1
DA:71,5
DA:72,0
DA:73,0
DA:74,0
DA:75,0
DA:78,1
DA:79,0
DA:80,0
DA:81,0
DA:82,0
DA:86,1
DA:87,2
DA:96,1
DA:97,5
DA:98,5
DA:99,3
LF:41
LH:33
end_of_record
